[Licensing::Module] Trying to connect to existing licensing client channel...
Built from '6000.0/staging' branch; Version is '6000.0.79f1 (4e8d7afad3cd) revision 5148026'; Using compiler version '193933523'; Build Type 'Release'
OS: 'Windows 11  (10.0.26200) Core' Language: 'en' Physical Memory: 64792 MB
[Licensing::IpcConnector] Channel LicenseClient-Bruce doesn't exist
BatchMode: 1, IsHumanControllingUs: 0, StartBugReporterOnCrash: 0, Is64bit: 1
System  architecture: x64
Process architecture: x64
Date: 2026-07-13T14:49:33Z
[Licensing::Module] Successfully launched the LicensingClient (PId: 1488)

COMMAND LINE ARGUMENTS:
C:\Program Files\Unity\Hub\Editor\6000.0.79f1\Editor\Unity.exe
-batchmode
-quit
-projectPath
game
-executeMethod
RadiantPool.EditorTools.ProjectBootstrap.Run
-logFile
boot.log
Couldn't set project path to: C:/Users/Bruce/source/repo/poolofradiance/game/Assets/game
Exiting without the bug reporter. Application will terminate with return code 1